<?xml version="1.0" encoding="UTF-8"?>
<testsuite xmlns:xsi="http://www.w3.org/2001/XMLSchema-instance" xsi:noNamespaceSchemaLocation="https://maven.apache.org/surefire/maven-surefire-plugin/xsd/surefire-test-report.xsd" name="by.sasnouskikh.jcasino.dao.DAOTestSuite" time="46.21" tests="48" errors="0" skipped="0" failures="0">
  <properties>
[...]
</properties>
  <testcase name="takeLoanListOnlyExpireCheck" classname="by.sasnouskikh.jcasino.dao.LoanDAOTest" time="1.048"/>
  <testcase name="takePlayerLoansCheck" classname="by.sasnouskikh.jcasino.dao.LoanDAOTest" time="0.744"/>
  <testcase name="playerIdFkConstraintCheck" classname="by.sasnouskikh.jcasino.dao.LoanDAOTest" time="0.802"/>
  <testcase name="takeLoanListNoPatternCheck" classname="by.sasnouskikh.jcasino.dao.LoanDAOTest" time="0.787"/>
  <testcase name="payLoanTrueCheck" classname="by.sasnouskikh.jcasino.dao.LoanDAOTest" time="0.729"/>
  <testcase name="takeLoanListAcquireExpireCheck" classname="by.sasnouskikh.jcasino.dao.LoanDAOTest" time="0.746"/>
  <testcase name="insertLoanIdCheck" classname="by.sasnouskikh.jcasino.dao.LoanDAOTest" time="0.767"/>
  <testcase name="insertLoanCheck" classname="by.sasnouskikh.jcasino.dao.LoanDAOTest" time="0.858"/>
  <testcase name="payLoanCheck" classname="by.sasnouskikh.jcasino.dao.LoanDAOTest" time="0.712"/>
  <testcase name="takePlayerLoansAcquireCheck" classname="by.sasnouskikh.jcasino.dao.LoanDAOTest" time="0.757"/>
  <testcase name="takeCurrentLoanCheck" classname="by.sasnouskikh.jcasino.dao.LoanDAOTest" time="0.801"/>
  <testcase name="takeLoanListOnlyAcquireCheck" classname="by.sasnouskikh.jcasino.dao.LoanDAOTest" time="0.724"/>
  <testcase name="takeLoanCheck" classname="by.sasnouskikh.jcasino.dao.LoanDAOTest" time="0.702"/>
  <testcase name="takePlayerLoansNoPatternCheck" classname="by.sasnouskikh.jcasino.dao.LoanDAOTest" time="0.768"/>
  <testcase name="insertNewsCheck" classname="by.sasnouskikh.jcasino.dao.NewsDAOTest" time="0.794"/>
  <testcase name="changeNewsHeaderTrueCheck" classname="by.sasnouskikh.jcasino.dao.NewsDAOTest" time="0.711"/>
  <testcase name="changeNewsTextCheck" classname="by.sasnouskikh.jcasino.dao.NewsDAOTest" time="0.737"/>
  <testcase name="takeAllNewsCheck" classname="by.sasnouskikh.jcasino.dao.NewsDAOTest" time="0.767"/>
  <testcase name="takeNewsCheck" classname="by.sasnouskikh.jcasino.dao.NewsDAOTest" time="1.274"/>
  <testcase name="adminIdFkConstraintCheck" classname="by.sasnouskikh.jcasino.dao.NewsDAOTest" time="1.667"/>
  <testcase name="deleteNewsTrueCheck" classname="by.sasnouskikh.jcasino.dao.NewsDAOTest" time="1.439"/>
  <testcase name="deleteNewsCheck" classname="by.sasnouskikh.jcasino.dao.NewsDAOTest" time="0.961"/>
  <testcase name="insertNewsIdCheck" classname="by.sasnouskikh.jcasino.dao.NewsDAOTest" time="1.119"/>
  <testcase name="changeNewsHeaderCheck" classname="by.sasnouskikh.jcasino.dao.NewsDAOTest" time="1.007"/>
  <testcase name="changeNewsTextTrueCheck" classname="by.sasnouskikh.jcasino.dao.NewsDAOTest" time="0.725"/>
  <testcase name="takeVerificationCheck" classname="by.sasnouskikh.jcasino.dao.PlayerDAOTest" time="0.783"/>
  <testcase name="takeMonthWithdrawalCheck" classname="by.sasnouskikh.jcasino.dao.PlayerDAOTest" time="0.78"/>
  <testcase name="defineNameByEmailCheck" classname="by.sasnouskikh.jcasino.dao.PlayerDAOTest" time="0.737"/>
  <testcase name="takeMonthWithdrawalAllCheck" classname="by.sasnouskikh.jcasino.dao.PlayerDAOTest" time="1.025"/>
  <testcase name="takeReadyForVerificationCheck" classname="by.sasnouskikh.jcasino.dao.PlayerDAOTest" time="0.843"/>
  <testcase name="insertPlayerCheck" classname="by.sasnouskikh.jcasino.dao.PlayerDAOTest" time="0.78"/>
  <testcase name="takeReadyForVerificationNoSuchCheck" classname="by.sasnouskikh.jcasino.dao.PlayerDAOTest" time="1.658"/>
  <testcase name="defineIdByEmailNoEmailCheck" classname="by.sasnouskikh.jcasino.dao.PlayerDAOTest" time="1.729"/>
  <testcase name="takeMonthWithdrawalNoCheck" classname="by.sasnouskikh.jcasino.dao.PlayerDAOTest" time="0.769"/>
  <testcase name="takeProfileNoSuchCheck" classname="by.sasnouskikh.jcasino.dao.PlayerDAOTest" time="0.769"/>
  <testcase name="defineEmailByIdCheck" classname="by.sasnouskikh.jcasino.dao.PlayerDAOTest" time="0.725"/>
  <testcase name="defineNameByEmailNoEmailCheck" classname="by.sasnouskikh.jcasino.dao.PlayerDAOTest" time="0.714"/>
  <testcase name="takeAccountCheck" classname="by.sasnouskikh.jcasino.dao.PlayerDAOTest" time="0.768"/>
  <testcase name="defineEmailByIdNoIdCheck" classname="by.sasnouskikh.jcasino.dao.PlayerDAOTest" time="0.752"/>
  <testcase name="takeProfileCheck" classname="by.sasnouskikh.jcasino.dao.PlayerDAOTest" time="0.794"/>
  <testcase name="defineIdByEmailCheck" classname="by.sasnouskikh.jcasino.dao.PlayerDAOTest" time="0.739"/>
  <testcase name="insertUserPlayerCheck" classname="by.sasnouskikh.jcasino.dao.PlayerDAOTest" time="0.812"/>
  <testcase name="takeAccountNoSuchCheck" classname="by.sasnouskikh.jcasino.dao.PlayerDAOTest" time="0.721"/>
  <testcase name="insertUserPlayerIdCheck" classname="by.sasnouskikh.jcasino.dao.PlayerDAOTest" time="0.906"/>
  <testcase name="defineNameByEmailNoNameCheck" classname="by.sasnouskikh.jcasino.dao.PlayerDAOTest" time="0.759"/>
  <testcase name="takeVerificationNoSuchCheck" classname="by.sasnouskikh.jcasino.dao.PlayerDAOTest" time="0.715"/>
  <testcase name="insertUserPlayerUniqueEmailCheck" classname="by.sasnouskikh.jcasino.dao.PlayerDAOTest" time="0.82"/>
  <testcase name="insertPlayerTrueCheck" classname="by.sasnouskikh.jcasino.dao.PlayerDAOTest" time="0.785"/>
</testsuite>